{"/Users/alexanderliotta/Documents/dataStructures/src/hashTable/hashTable.ts": {"path":"/Users/alexanderliotta/Documents/dataStructures/src/hashTable/hashTable.ts","statementMap":{"0":{"start":{"line":3,"column":12},"end":{"line":3,"column":45}},"1":{"start":{"line":6,"column":21},"end":{"line":6,"column":43}},"2":{"start":{"line":7,"column":20},"end":{"line":7,"column":38}},"3":{"start":{"line":8,"column":8},"end":{"line":13,"column":null}},"4":{"start":{"line":8,"column":25},"end":{"line":8,"column":26}},"5":{"start":{"line":9,"column":28},"end":{"line":9,"column":38}},"6":{"start":{"line":10,"column":12},"end":{"line":12,"column":null}},"7":{"start":{"line":11,"column":16},"end":{"line":11,"column":37}},"8":{"start":{"line":17,"column":21},"end":{"line":17,"column":43}},"9":{"start":{"line":18,"column":20},"end":{"line":18,"column":38}},"10":{"start":{"line":19,"column":8},"end":{"line":24,"column":null}},"11":{"start":{"line":19,"column":25},"end":{"line":19,"column":26}},"12":{"start":{"line":20,"column":28},"end":{"line":20,"column":38}},"13":{"start":{"line":21,"column":12},"end":{"line":23,"column":null}},"14":{"start":{"line":22,"column":16},"end":{"line":22,"column":34}},"15":{"start":{"line":28,"column":21},"end":{"line":28,"column":43}},"16":{"start":{"line":29,"column":20},"end":{"line":29,"column":38}},"17":{"start":{"line":30,"column":8},"end":{"line":33,"column":null}},"18":{"start":{"line":31,"column":12},"end":{"line":31,"column":48}},"19":{"start":{"line":32,"column":12},"end":{"line":32,"column":19}},"20":{"start":{"line":34,"column":8},"end":{"line":40,"column":null}},"21":{"start":{"line":34,"column":25},"end":{"line":34,"column":26}},"22":{"start":{"line":35,"column":28},"end":{"line":35,"column":38}},"23":{"start":{"line":36,"column":12},"end":{"line":39,"column":null}},"24":{"start":{"line":37,"column":16},"end":{"line":37,"column":42}},"25":{"start":{"line":38,"column":16},"end":{"line":38,"column":23}},"26":{"start":{"line":41,"column":8},"end":{"line":41,"column":31}},"27":{"start":{"line":45,"column":19},"end":{"line":45,"column":20}},"28":{"start":{"line":46,"column":8},"end":{"line":50,"column":null}},"29":{"start":{"line":46,"column":21},"end":{"line":46,"column":22}},"30":{"start":{"line":47,"column":24},"end":{"line":47,"column":41}},"31":{"start":{"line":48,"column":12},"end":{"line":48,"column":47}},"32":{"start":{"line":49,"column":12},"end":{"line":49,"column":22}},"33":{"start":{"line":51,"column":8},"end":{"line":51,"column":20}},"34":{"start":{"line":2,"column":0},"end":{"line":2,"column":13}}},"fnMap":{"0":{"name":"(anonymous_0)","decl":{"start":{"line":4,"column":4},"end":{"line":4,"column":18}},"loc":{"start":{"line":4,"column":4},"end":{"line":4,"column":19}}},"1":{"name":"(anonymous_1)","decl":{"start":{"line":5,"column":4},"end":{"line":5,"column":7}},"loc":{"start":{"line":5,"column":19},"end":{"line":14,"column":5}}},"2":{"name":"(anonymous_2)","decl":{"start":{"line":16,"column":4},"end":{"line":16,"column":10}},"loc":{"start":{"line":16,"column":22},"end":{"line":25,"column":5}}},"3":{"name":"(anonymous_3)","decl":{"start":{"line":27,"column":4},"end":{"line":27,"column":7}},"loc":{"start":{"line":27,"column":31},"end":{"line":42,"column":5}}},"4":{"name":"(anonymous_4)","decl":{"start":{"line":44,"column":4},"end":{"line":44,"column":16}},"loc":{"start":{"line":44,"column":28},"end":{"line":52,"column":5}}}},"branchMap":{"0":{"loc":{"start":{"line":10,"column":12},"end":{"line":12,"column":null}},"type":"if","locations":[{"start":{"line":10,"column":12},"end":{"line":12,"column":null}},{"start":{"line":10,"column":12},"end":{"line":12,"column":null}}]},"1":{"loc":{"start":{"line":21,"column":12},"end":{"line":23,"column":null}},"type":"if","locations":[{"start":{"line":21,"column":12},"end":{"line":23,"column":null}},{"start":{"line":21,"column":12},"end":{"line":23,"column":null}}]},"2":{"loc":{"start":{"line":30,"column":8},"end":{"line":33,"column":null}},"type":"if","locations":[{"start":{"line":30,"column":8},"end":{"line":33,"column":null}},{"start":{"line":30,"column":8},"end":{"line":33,"column":null}}]},"3":{"loc":{"start":{"line":36,"column":12},"end":{"line":39,"column":null}},"type":"if","locations":[{"start":{"line":36,"column":12},"end":{"line":39,"column":null}},{"start":{"line":36,"column":12},"end":{"line":39,"column":null}}]}},"s":{"0":5,"1":7,"2":7,"3":7,"4":7,"5":7,"6":7,"7":5,"8":2,"9":2,"10":2,"11":2,"12":3,"13":3,"14":2,"15":8,"16":8,"17":8,"18":5,"19":5,"20":3,"21":3,"22":3,"23":3,"24":1,"25":1,"26":2,"27":8,"28":8,"29":8,"30":40,"31":40,"32":40,"33":8,"34":1},"f":{"0":5,"1":7,"2":2,"3":8,"4":8},"b":{"0":[5,2],"1":[2,1],"2":[5,3],"3":[1,2]}}
,"/Users/alexanderliotta/Documents/dataStructures/src/linkedList/singlyLinkedList.ts": {"path":"/Users/alexanderliotta/Documents/dataStructures/src/linkedList/singlyLinkedList.ts","statementMap":{"0":{"start":{"line":5,"column":23},"end":{"line":5,"column":33}},"1":{"start":{"line":6,"column":8},"end":{"line":10,"column":null}},"2":{"start":{"line":7,"column":12},"end":{"line":7,"column":29}},"3":{"start":{"line":9,"column":12},"end":{"line":9,"column":29}},"4":{"start":{"line":14,"column":21},"end":{"line":14,"column":62}},"5":{"start":{"line":15,"column":38},"end":{"line":15,"column":42}},"6":{"start":{"line":16,"column":8},"end":{"line":18,"column":null}},"7":{"start":{"line":17,"column":12},"end":{"line":17,"column":23}},"8":{"start":{"line":19,"column":8},"end":{"line":19,"column":22}},"9":{"start":{"line":23,"column":16},"end":{"line":23,"column":20}},"10":{"start":{"line":24,"column":8},"end":{"line":30,"column":null}},"11":{"start":{"line":25,"column":12},"end":{"line":28,"column":null}},"12":{"start":{"line":26,"column":16},"end":{"line":26,"column":37}},"13":{"start":{"line":27,"column":16},"end":{"line":27,"column":23}},"14":{"start":{"line":29,"column":12},"end":{"line":29,"column":23}},"15":{"start":{"line":2,"column":0},"end":{"line":2,"column":13}}},"fnMap":{"0":{"name":"(anonymous_0)","decl":{"start":{"line":5,"column":4},"end":{"line":5,"column":23}},"loc":{"start":{"line":5,"column":62},"end":{"line":11,"column":5}}},"1":{"name":"(anonymous_1)","decl":{"start":{"line":13,"column":4},"end":{"line":13,"column":16}},"loc":{"start":{"line":13,"column":26},"end":{"line":20,"column":5}}},"2":{"name":"(anonymous_2)","decl":{"start":{"line":22,"column":4},"end":{"line":22,"column":14}},"loc":{"start":{"line":22,"column":53},"end":{"line":31,"column":5}}}},"branchMap":{"0":{"loc":{"start":{"line":6,"column":8},"end":{"line":10,"column":null}},"type":"if","locations":[{"start":{"line":6,"column":8},"end":{"line":10,"column":null}},{"start":{"line":6,"column":8},"end":{"line":10,"column":null}}]},"1":{"loc":{"start":{"line":24,"column":15},"end":{"line":24,"column":16}},"type":"binary-expr","locations":[{"start":{"line":24,"column":15},"end":{"line":24,"column":16}},{"start":{"line":24,"column":20},"end":{"line":24,"column":26}}]},"2":{"loc":{"start":{"line":25,"column":12},"end":{"line":28,"column":null}},"type":"if","locations":[{"start":{"line":25,"column":12},"end":{"line":28,"column":null}},{"start":{"line":25,"column":12},"end":{"line":28,"column":null}}]}},"s":{"0":12,"1":12,"2":4,"3":8,"4":8,"5":8,"6":8,"7":4,"8":8,"9":3,"10":3,"11":5,"12":2,"13":2,"14":3,"15":1},"f":{"0":12,"1":8,"2":3},"b":{"0":[4,8],"1":[6,6],"2":[2,3]}}
,"/Users/alexanderliotta/Documents/dataStructures/src/queue/queue.ts": {"path":"/Users/alexanderliotta/Documents/dataStructures/src/queue/queue.ts","statementMap":{"0":{"start":{"line":6,"column":8},"end":{"line":6,"column":33}},"1":{"start":{"line":10,"column":8},"end":{"line":10,"column":30}},"2":{"start":{"line":14,"column":8},"end":{"line":14,"column":34}},"3":{"start":{"line":18,"column":8},"end":{"line":18,"column":29}},"4":{"start":{"line":22,"column":8},"end":{"line":22,"column":34}},"5":{"start":{"line":3,"column":0},"end":{"line":3,"column":13}}},"fnMap":{"0":{"name":"(anonymous_0)","decl":{"start":{"line":5,"column":4},"end":{"line":5,"column":16}},"loc":{"start":{"line":5,"column":29},"end":{"line":7,"column":5}}},"1":{"name":"(anonymous_1)","decl":{"start":{"line":9,"column":4},"end":{"line":9,"column":7}},"loc":{"start":{"line":9,"column":17},"end":{"line":11,"column":5}}},"2":{"name":"(anonymous_2)","decl":{"start":{"line":13,"column":4},"end":{"line":13,"column":10}},"loc":{"start":{"line":13,"column":10},"end":{"line":15,"column":5}}},"3":{"name":"(anonymous_3)","decl":{"start":{"line":17,"column":4},"end":{"line":17,"column":8}},"loc":{"start":{"line":17,"column":8},"end":{"line":19,"column":5}}},"4":{"name":"(anonymous_4)","decl":{"start":{"line":21,"column":4},"end":{"line":21,"column":11}},"loc":{"start":{"line":21,"column":11},"end":{"line":23,"column":5}}}},"branchMap":{"0":{"loc":{"start":{"line":6,"column":21},"end":{"line":6,"column":26}},"type":"binary-expr","locations":[{"start":{"line":6,"column":21},"end":{"line":6,"column":26}},{"start":{"line":6,"column":30},"end":{"line":6,"column":32}}]}},"s":{"0":6,"1":4,"2":4,"3":3,"4":2,"5":1},"f":{"0":6,"1":4,"2":4,"3":3,"4":2},"b":{"0":[6,3]}}
,"/Users/alexanderliotta/Documents/dataStructures/src/stack/stack.ts": {"path":"/Users/alexanderliotta/Documents/dataStructures/src/stack/stack.ts","statementMap":{"0":{"start":{"line":6,"column":8},"end":{"line":6,"column":33}},"1":{"start":{"line":10,"column":8},"end":{"line":10,"column":30}},"2":{"start":{"line":14,"column":8},"end":{"line":14,"column":32}},"3":{"start":{"line":18,"column":8},"end":{"line":18,"column":49}},"4":{"start":{"line":22,"column":8},"end":{"line":22,"column":34}},"5":{"start":{"line":3,"column":0},"end":{"line":3,"column":13}}},"fnMap":{"0":{"name":"(anonymous_0)","decl":{"start":{"line":5,"column":4},"end":{"line":5,"column":16}},"loc":{"start":{"line":5,"column":29},"end":{"line":7,"column":5}}},"1":{"name":"(anonymous_1)","decl":{"start":{"line":9,"column":4},"end":{"line":9,"column":8}},"loc":{"start":{"line":9,"column":18},"end":{"line":11,"column":5}}},"2":{"name":"(anonymous_2)","decl":{"start":{"line":13,"column":4},"end":{"line":13,"column":7}},"loc":{"start":{"line":13,"column":7},"end":{"line":15,"column":5}}},"3":{"name":"(anonymous_3)","decl":{"start":{"line":17,"column":4},"end":{"line":17,"column":8}},"loc":{"start":{"line":17,"column":8},"end":{"line":19,"column":5}}},"4":{"name":"(anonymous_4)","decl":{"start":{"line":21,"column":4},"end":{"line":21,"column":11}},"loc":{"start":{"line":21,"column":11},"end":{"line":23,"column":5}}}},"branchMap":{"0":{"loc":{"start":{"line":6,"column":21},"end":{"line":6,"column":26}},"type":"binary-expr","locations":[{"start":{"line":6,"column":21},"end":{"line":6,"column":26}},{"start":{"line":6,"column":30},"end":{"line":6,"column":32}}]}},"s":{"0":6,"1":4,"2":4,"3":3,"4":2,"5":1},"f":{"0":6,"1":4,"2":4,"3":3,"4":2},"b":{"0":[6,3]}}
}
