TN:
SF:src/hashTable/hashTable.ts
FN:4,(anonymous_0)
FN:5,(anonymous_1)
FN:16,(anonymous_2)
FN:27,(anonymous_3)
FN:44,(anonymous_4)
FNF:5
FNH:5
FNDA:5,(anonymous_0)
FNDA:7,(anonymous_1)
FNDA:2,(anonymous_2)
FNDA:8,(anonymous_3)
FNDA:8,(anonymous_4)
DA:2,1
DA:3,5
DA:6,7
DA:7,7
DA:8,7
DA:9,7
DA:10,7
DA:11,5
DA:17,2
DA:18,2
DA:19,2
DA:20,3
DA:21,3
DA:22,2
DA:28,8
DA:29,8
DA:30,8
DA:31,5
DA:32,5
DA:34,3
DA:35,3
DA:36,3
DA:37,1
DA:38,1
DA:41,2
DA:45,8
DA:46,8
DA:47,40
DA:48,40
DA:49,40
DA:51,8
LF:31
LH:31
BRDA:10,0,0,5
BRDA:10,0,1,2
BRDA:21,1,0,2
BRDA:21,1,1,1
BRDA:30,2,0,5
BRDA:30,2,1,3
BRDA:36,3,0,1
BRDA:36,3,1,2
BRF:8
BRH:8
end_of_record
TN:
SF:src/linkedList/singlyLinkedList.ts
FN:5,(anonymous_0)
FN:13,(anonymous_1)
FN:22,(anonymous_2)
FNF:3
FNH:3
FNDA:12,(anonymous_0)
FNDA:8,(anonymous_1)
FNDA:3,(anonymous_2)
DA:2,1
DA:5,12
DA:6,12
DA:7,4
DA:9,8
DA:14,8
DA:15,8
DA:16,8
DA:17,4
DA:19,8
DA:23,3
DA:24,3
DA:25,5
DA:26,2
DA:27,2
DA:29,3
LF:16
LH:16
BRDA:6,0,0,4
BRDA:6,0,1,8
BRDA:24,1,0,6
BRDA:24,1,1,6
BRDA:25,2,0,2
BRDA:25,2,1,3
BRF:6
BRH:6
end_of_record
TN:
SF:src/queue/queue.ts
FN:5,(anonymous_0)
FN:9,(anonymous_1)
FN:13,(anonymous_2)
FN:17,(anonymous_3)
FN:21,(anonymous_4)
FNF:5
FNH:5
FNDA:6,(anonymous_0)
FNDA:4,(anonymous_1)
FNDA:4,(anonymous_2)
FNDA:3,(anonymous_3)
FNDA:2,(anonymous_4)
DA:3,1
DA:6,6
DA:10,4
DA:14,4
DA:18,3
DA:22,2
LF:6
LH:6
BRDA:6,0,0,6
BRDA:6,0,1,3
BRF:2
BRH:2
end_of_record
TN:
SF:src/stack/stack.ts
FN:5,(anonymous_0)
FN:9,(anonymous_1)
FN:13,(anonymous_2)
FN:17,(anonymous_3)
FN:21,(anonymous_4)
FNF:5
FNH:5
FNDA:6,(anonymous_0)
FNDA:4,(anonymous_1)
FNDA:4,(anonymous_2)
FNDA:3,(anonymous_3)
FNDA:2,(anonymous_4)
DA:3,1
DA:6,6
DA:10,4
DA:14,4
DA:18,3
DA:22,2
LF:6
LH:6
BRDA:6,0,0,6
BRDA:6,0,1,3
BRF:2
BRH:2
end_of_record
